{
  "stats": {
    "suites": 1,
    "tests": 1,
    "passes": 1,
    "pending": 0,
    "failures": 0,
    "start": "2022-07-23T09:46:36.326Z",
    "end": "2022-07-23T09:47:13.396Z",
    "duration": 37070,
    "testsRegistered": 6,
    "passPercent": 16.666666666666664,
    "pendingPercent": 0,
    "other": 0,
    "hasOther": false,
    "skipped": 5,
    "hasSkipped": true
  },
  "results": [
    {
      "uuid": "97d0c3e2-529a-46cd-bc20-efe018957eda",
      "title": "",
      "fullFile": "",
      "file": "",
      "beforeHooks": [],
      "afterHooks": [],
      "tests": [],
      "suites": [
        {
          "uuid": "e5058fd8-5200-411b-8335-23ceb55412b2",
          "title": "BulkUpload",
          "fullFile": "D:\\QA\\Automation\\project1\\BulkUpload_test.js",
          "file": "\\BulkUpload_test.js",
          "beforeHooks": [
            {
              "title": "\"before all\" hook: codeceptjs.beforeSuite",
              "fullTitle": "BulkUpload \"before all\" hook: codeceptjs.beforeSuite",
              "timedOut": false,
              "duration": 0,
              "state": null,
              "speed": null,
              "pass": false,
              "fail": false,
              "pending": false,
              "context": null,
              "code": "scenario.suiteSetup(suite)",
              "err": {},
              "uuid": "9b18284d-db70-4c28-ad3d-6b6ee2914215",
              "parentUUID": null,
              "isHook": true,
              "skipped": false
            },
            {
              "title": "\"before each\" hook: codeceptjs.before",
              "fullTitle": "BulkUpload \"before each\" hook: codeceptjs.before",
              "timedOut": false,
              "duration": 0,
              "state": null,
              "speed": null,
              "pass": false,
              "fail": false,
              "pending": false,
              "context": null,
              "code": "scenario.setup(suite)",
              "err": {},
              "uuid": "9ab41e08-5805-48b5-997f-6e9cea8708e0",
              "parentUUID": null,
              "isHook": true,
              "skipped": false
            }
          ],
          "afterHooks": [
            {
              "title": "\"after all\" hook: codeceptjs.afterSuite",
              "fullTitle": "BulkUpload \"after all\" hook: codeceptjs.afterSuite",
              "timedOut": false,
              "duration": 0,
              "state": null,
              "speed": null,
              "pass": false,
              "fail": false,
              "pending": false,
              "context": null,
              "code": "scenario.suiteTeardown(suite)",
              "err": {},
              "uuid": "3ff104ec-120e-4ab0-8c03-8abf87ecb98b",
              "parentUUID": null,
              "isHook": true,
              "skipped": false
            },
            {
              "title": "\"after each\" hook: finalize codeceptjs",
              "fullTitle": "BulkUpload \"after each\" hook: finalize codeceptjs",
              "timedOut": false,
              "duration": 0,
              "state": null,
              "speed": null,
              "pass": false,
              "fail": false,
              "pending": false,
              "context": null,
              "code": "scenario.teardown(suite)",
              "err": {},
              "uuid": "f3f7cff4-a351-4e54-9cde-a9a8088730b2",
              "parentUUID": null,
              "isHook": true,
              "skipped": false
            }
          ],
          "tests": [
            {
              "title": "BulkUploadCreate",
              "fullTitle": "BulkUpload: BulkUploadCreate",
              "timedOut": false,
              "duration": 0,
              "state": null,
              "speed": null,
              "pass": false,
              "fail": false,
              "pending": false,
              "context": null,
              "code": "I }) => {\n    I.Login();\n    I.click('VA Menu Mgmt')\n    I.click('Bulk Upload VA Menu')\n    I.fillField('Client', '7-213')\n    I.pressKey('Enter')\n    I.click('Next')\n    I.wait(1);\n    I.selectOption('Billing Type', 'Fixed Payment')\n    I.pressKey('Enter')\n    I.attachFile('File', 'input/bulk/filebulk.csv');\n    I.wait(2);\n    I.click('Submit')\n    I.wait(1);\n    //I.see('On Going Bulk Upload');\n    I.click(\"Historical Bulk Upload\");\n    I.wait(10);\n    I.refreshPage();\n    I.fillField(\"LogBulkUploadSearch[original_filename]\",\"filebulk.csv\");\n    I.pressKey(\"Enter\");\n    I.see(\"All Succeeded\");\n    //I.saveScreenshot(\"BulkUploadSuccess.png\");",
              "err": {},
              "uuid": "b44dc639-12e5-4a7f-b9e3-0865f953e5d8",
              "parentUUID": null,
              "isHook": false,
              "skipped": true
            }
          ],
          "suites": [],
          "passes": [],
          "failures": [],
          "pending": [],
          "skipped": [
            "b44dc639-12e5-4a7f-b9e3-0865f953e5d8"
          ],
          "duration": 0,
          "root": false,
          "rootEmpty": false,
          "_timeout": 0
        },
        {
          "uuid": "5bdd0825-0f5c-429b-afe7-444d755ab04c",
          "title": "CreateVASukses",
          "fullFile": "D:\\QA\\Automation\\project1\\CreateVASukses_test.js",
          "file": "\\CreateVASukses_test.js",
          "beforeHooks": [
            {
              "title": "\"before all\" hook: codeceptjs.beforeSuite",
              "fullTitle": "CreateVASukses \"before all\" hook: codeceptjs.beforeSuite",
              "timedOut": false,
              "duration": 0,
              "state": null,
              "speed": null,
              "pass": false,
              "fail": false,
              "pending": false,
              "context": null,
              "code": "scenario.suiteSetup(suite)",
              "err": {},
              "uuid": "10393518-844f-4444-b26a-adc29a9991ea",
              "parentUUID": null,
              "isHook": true,
              "skipped": false
            },
            {
              "title": "\"before each\" hook: codeceptjs.before",
              "fullTitle": "CreateVASukses \"before each\" hook: codeceptjs.before",
              "timedOut": false,
              "duration": 0,
              "state": null,
              "speed": null,
              "pass": false,
              "fail": false,
              "pending": false,
              "context": null,
              "code": "scenario.setup(suite)",
              "err": {},
              "uuid": "3e806d5e-d050-45e6-ae03-2442ed3a68ab",
              "parentUUID": null,
              "isHook": true,
              "skipped": false
            }
          ],
          "afterHooks": [
            {
              "title": "\"after all\" hook: codeceptjs.afterSuite",
              "fullTitle": "CreateVASukses \"after all\" hook: codeceptjs.afterSuite",
              "timedOut": false,
              "duration": 0,
              "state": null,
              "speed": null,
              "pass": false,
              "fail": false,
              "pending": false,
              "context": null,
              "code": "scenario.suiteTeardown(suite)",
              "err": {},
              "uuid": "04f61d2a-18da-491c-9f4d-220e23d2fb4f",
              "parentUUID": null,
              "isHook": true,
              "skipped": false
            },
            {
              "title": "\"after each\" hook: finalize codeceptjs",
              "fullTitle": "CreateVASukses \"after each\" hook: finalize codeceptjs",
              "timedOut": false,
              "duration": 0,
              "state": null,
              "speed": null,
              "pass": false,
              "fail": false,
              "pending": false,
              "context": null,
              "code": "scenario.teardown(suite)",
              "err": {},
              "uuid": "9a56d951-8764-4e16-a4dd-3e5cff29a5c3",
              "parentUUID": null,
              "isHook": true,
              "skipped": false
            }
          ],
          "tests": [
            {
              "title": "Create VA",
              "fullTitle": "CreateVASukses: Create VA",
              "timedOut": false,
              "duration": 0,
              "state": null,
              "speed": null,
              "pass": false,
              "fail": false,
              "pending": false,
              "context": null,
              "code": "I }) => {\n    I.Login();\n    I.click(\"VA Management\");\n    I.wait(2);\n    I.click(\"Create VA\");\n    I.see(\"Fields with * are required.\");\n    I.click(\"//body/div[3]/div[2]/div[1]/div[2]/div[1]/div[1]/div[1]/div[1]/div[2]/div[1]/form[1]/div[1]/div[2]/div[1]/div[1]/a[1]\");//perlu optimize\n    I.fillField(\"Client\", \"7-213\");\n    I.pressKey(\"Enter\");\n    I.fillField(\"Billing ID\", \"Automation.Alam_\" +faker.datatype.number(99999));\n    //I.fillField(\"VA Number\", \"8123\" + faker.datatype.number(999999999999));\n    I.fillField(\"VA Number\", \"7213\" + faker.phone.phoneNumber('############'));\n    let VA = await I.grabValueFrom(\"#createvaform-virtual_account\");\n    I.fillField(\"Name\", \"Alam \" +faker.name.lastName());\n    I.fillField(\"Email\", faker.internet.email());\n    I.fillField(\"Phone Number\", faker.phone.phoneNumber('081#########'));\n    I.fillField(\"Description\", faker.lorem.word(10));\n    I.selectOption(\"Billing Type\", \"Fixed Payment\");\n    I.fillField(\"Billing Amount\", faker.datatype.number({ min: 100, max: 10000 }));\n    I.fillField(\"Expiry Datetime\", \"2022-12-30 23:50:50\");\n    //I.click(\"Create\");\n    I.wait(5);\n    I.waitForText(\"Nomor VA telah dibuat dan sudah berhasil tersimpan didalam database\");\n    I.wait(5);\n    I.click(\"Report\");\n    I.wait(3);\n    I.click(\"Billing Data\");\n    I.waitForNavigation();\n    I.wait(3);\n    I.waitForText(\"All times and dates are presented in UTC+7.\");\n    I.fillField(\"TransactionsSearch[virtual_account]\", VA);\n    I.pressKey(\"Enter\");\n    I.wait(2);\n    I.see(VA);\n    I.saveScreenshot(\"CreateVASukses.png\");",
              "err": {},
              "uuid": "18d25ba0-2620-4b75-94c1-8ae0659bc1fd",
              "parentUUID": null,
              "isHook": false,
              "skipped": true
            }
          ],
          "suites": [],
          "passes": [],
          "failures": [],
          "pending": [],
          "skipped": [
            "18d25ba0-2620-4b75-94c1-8ae0659bc1fd"
          ],
          "duration": 0,
          "root": false,
          "rootEmpty": false,
          "_timeout": 0
        },
        {
          "uuid": "1f7e5c17-ed95-4d5d-9615-39157ab54226",
          "title": "LoginSukses",
          "fullFile": "D:\\QA\\Automation\\project1\\LoginSukses_test.js",
          "file": "\\LoginSukses_test.js",
          "beforeHooks": [
            {
              "title": "\"before all\" hook: codeceptjs.beforeSuite",
              "fullTitle": "LoginSukses \"before all\" hook: codeceptjs.beforeSuite",
              "timedOut": false,
              "duration": 0,
              "state": null,
              "speed": null,
              "pass": false,
              "fail": false,
              "pending": false,
              "context": null,
              "code": "scenario.suiteSetup(suite)",
              "err": {},
              "uuid": "f944684d-6fa9-4b13-92f8-e9b9884cdb25",
              "parentUUID": null,
              "isHook": true,
              "skipped": false
            },
            {
              "title": "\"before each\" hook: codeceptjs.before",
              "fullTitle": "LoginSukses \"before each\" hook: codeceptjs.before",
              "timedOut": false,
              "duration": 0,
              "state": null,
              "speed": null,
              "pass": false,
              "fail": false,
              "pending": false,
              "context": null,
              "code": "scenario.setup(suite)",
              "err": {},
              "uuid": "207ba269-c536-49ec-b8a4-df10b5a10124",
              "parentUUID": null,
              "isHook": true,
              "skipped": false
            }
          ],
          "afterHooks": [
            {
              "title": "\"after all\" hook: codeceptjs.afterSuite",
              "fullTitle": "LoginSukses \"after all\" hook: codeceptjs.afterSuite",
              "timedOut": false,
              "duration": 0,
              "state": null,
              "speed": null,
              "pass": false,
              "fail": false,
              "pending": false,
              "context": null,
              "code": "scenario.suiteTeardown(suite)",
              "err": {},
              "uuid": "fe0908ed-9a68-4692-90e6-9252763dca1a",
              "parentUUID": null,
              "isHook": true,
              "skipped": false
            },
            {
              "title": "\"after each\" hook: finalize codeceptjs",
              "fullTitle": "LoginSukses \"after each\" hook: finalize codeceptjs",
              "timedOut": false,
              "duration": 0,
              "state": null,
              "speed": null,
              "pass": false,
              "fail": false,
              "pending": false,
              "context": null,
              "code": "scenario.teardown(suite)",
              "err": {},
              "uuid": "8d579a65-44c3-42c2-ba90-190053ca181a",
              "parentUUID": null,
              "isHook": true,
              "skipped": false
            }
          ],
          "tests": [
            {
              "title": "Login Sukses",
              "fullTitle": "LoginSukses: Login Sukses",
              "timedOut": false,
              "duration": 0,
              "state": null,
              "speed": null,
              "pass": false,
              "fail": false,
              "pending": false,
              "context": null,
              "code": "I }) => {\n    I.amOnPage('/');\n    I.wait(3);\n    I.click(\"#loginButton\");\n    I.fillField(\"#loginform-username\", \"alamw\");\n    I.fillField(\"#loginform-password\", \"Spe-2022\");\n    I.click(\"#login\");\n    I.wait(5);\n    I.see(\"Dashboard (Credit Only)\");",
              "err": {},
              "uuid": "62e3527f-96ab-48e6-8678-854f4bbb9cce",
              "parentUUID": null,
              "isHook": false,
              "skipped": true
            },
            {
              "title": "Login Gagal 1",
              "fullTitle": "LoginSukses: Login Gagal 1",
              "timedOut": false,
              "duration": 0,
              "state": null,
              "speed": null,
              "pass": false,
              "fail": false,
              "pending": false,
              "context": null,
              "code": "I}) => {\n    I.amOnPage(\"/\");\n    I.wait(3);\n    I.click(\"#loginButton\");\n    I.fillField(\"#loginform-username\", \"alamw\");\n    I.fillField(\"#loginform-password\", \"sandisalah\");\n    I.click(\"#login\");\n    I.wait(5);\n    I.see(\"Incorrect username or password.\");",
              "err": {},
              "uuid": "8c38e396-6f81-4dc1-9925-d40f42b73a85",
              "parentUUID": null,
              "isHook": false,
              "skipped": true
            },
            {
              "title": "Login Gagal 2",
              "fullTitle": "LoginSukses: Login Gagal 2",
              "timedOut": false,
              "duration": 0,
              "state": null,
              "speed": null,
              "pass": false,
              "fail": false,
              "pending": false,
              "context": null,
              "code": "I}) => {\n    I.amOnPage(\"/\");\n    I.wait(3);\n    I.click(\"#loginButton\");\n    I.click(\"#login\");\n    I.wait(1);\n    I.see(\"Username is blank.\");",
              "err": {},
              "uuid": "6bb3aedf-a7c8-4187-9e11-409ada4e4656",
              "parentUUID": null,
              "isHook": false,
              "skipped": true
            }
          ],
          "suites": [],
          "passes": [],
          "failures": [],
          "pending": [],
          "skipped": [
            "62e3527f-96ab-48e6-8678-854f4bbb9cce",
            "8c38e396-6f81-4dc1-9925-d40f42b73a85",
            "6bb3aedf-a7c8-4187-9e11-409ada4e4656"
          ],
          "duration": 0,
          "root": false,
          "rootEmpty": false,
          "_timeout": 0
        },
        {
          "uuid": "701c1630-7557-4f5c-bf3f-5c3a913f96ce",
          "title": "ShowBillingData",
          "fullFile": "D:\\QA\\Automation\\project1\\ShowBillingData_test.js",
          "file": "\\ShowBillingData_test.js",
          "beforeHooks": [
            {
              "title": "\"before all\" hook: codeceptjs.beforeSuite in \"ShowBillingData\"",
              "fullTitle": "ShowBillingData \"before all\" hook: codeceptjs.beforeSuite in \"ShowBillingData\"",
              "timedOut": false,
              "duration": 2,
              "state": null,
              "speed": null,
              "pass": false,
              "fail": false,
              "pending": false,
              "context": null,
              "code": "scenario.suiteSetup(suite)",
              "err": {},
              "uuid": "b2690e27-cf07-4195-9732-65d4a2766f9e",
              "parentUUID": "701c1630-7557-4f5c-bf3f-5c3a913f96ce",
              "isHook": true,
              "skipped": false
            },
            {
              "title": "\"before each\" hook: codeceptjs.before in \"ShowBillingData\"",
              "fullTitle": "ShowBillingData \"before each\" hook: codeceptjs.before in \"ShowBillingData\"",
              "timedOut": false,
              "duration": 1127,
              "state": null,
              "speed": null,
              "pass": false,
              "fail": false,
              "pending": false,
              "context": null,
              "code": "scenario.setup(suite)",
              "err": {},
              "uuid": "23cfe4d4-1135-44e4-9bca-7f28c844e496",
              "parentUUID": "701c1630-7557-4f5c-bf3f-5c3a913f96ce",
              "isHook": true,
              "skipped": false
            }
          ],
          "afterHooks": [
            {
              "title": "\"after all\" hook: codeceptjs.afterSuite in \"ShowBillingData\"",
              "fullTitle": "ShowBillingData \"after all\" hook: codeceptjs.afterSuite in \"ShowBillingData\"",
              "timedOut": false,
              "duration": 0,
              "state": null,
              "speed": null,
              "pass": false,
              "fail": false,
              "pending": false,
              "context": null,
              "code": "scenario.suiteTeardown(suite)",
              "err": {},
              "uuid": "13e12459-eb10-4906-b7b4-01c49f2c9cb7",
              "parentUUID": "701c1630-7557-4f5c-bf3f-5c3a913f96ce",
              "isHook": true,
              "skipped": false
            },
            {
              "title": "\"after each\" hook: finalize codeceptjs in \"ShowBillingData\"",
              "fullTitle": "ShowBillingData \"after each\" hook: finalize codeceptjs in \"ShowBillingData\"",
              "timedOut": false,
              "duration": 369,
              "state": null,
              "speed": null,
              "pass": false,
              "fail": false,
              "pending": false,
              "context": null,
              "code": "scenario.teardown(suite)",
              "err": {},
              "uuid": "b3c81f27-5e76-4bb4-8493-91bc8cf9630b",
              "parentUUID": "701c1630-7557-4f5c-bf3f-5c3a913f96ce",
              "isHook": true,
              "skipped": false
            }
          ],
          "tests": [
            {
              "title": "DownloadBillingData",
              "fullTitle": "ShowBillingData: DownloadBillingData",
              "timedOut": false,
              "duration": 35564,
              "state": "passed",
              "speed": "slow",
              "pass": true,
              "fail": false,
              "pending": false,
              "context": null,
              "code": "I }) => {\n    I.Login();\n    await I.click(\"Report\");\n    await I.wait(1);\n    await I.click(\"Billing Data\");\n    await I.waitForNavigation();\n    //await I.wait(1);\n    await I.waitForText(\"All times and dates are presented in UTC+7.\");\n    await I.selectOption(\"#transactionssearch-request_type\", \"Portal\");\n    await I.wait(1);\n    await I.click(\"//thead/tr[@id='w0-filters']/td[9]/div[1]/a[1]\");\n    ////await I.wait(1);\n    await I.fillField(\"//thead/tr[@id='w0-filters']/td[9]/div[1]/a[1]\",\"Fixed Payment\");\n    await I.pressKey(\"Enter\");\n    //await I.wait(1);\n    await I.click(\"//thead/tr[@id='w0-filters']/td[13]/div[1]/a[1]\");\n    //await I.wait(1);\n    await I.fillField(\"//thead/tr[@id='w0-filters']/td[13]/div[1]/a[1]\",\"Inactive\");\n    await I.pressKey(\"Enter\");\n    //await I.wait(1);\n    await I.click(\"//thead/tr[@id='w0-filters']/td[14]/div[1]/a[1]/span[2]/b[1]\");\n    //await I.wait(1);\n    await I.fillField(\"//thead/tr[@id='w0-filters']/td[14]/div[1]/a[1]/span[2]/b[1]\",\"Settled (Lunas)\");\n    await I.pressKey(\"Enter\");\n    //await I.wait(1);\n    await I.handleDownloads();\n    await I.selectOption(\"#transactionssearch-export_excel\",\"csv_semicolon\");\n    await I.click(\"Download\");\n    await I.wait(\"3\");\n    await I.amInPath(\"output/downloads\");\n    let NamaFile = await I.grabFileNames();\n    I.seeFileNameMatching(NamaFile);",
              "err": {},
              "uuid": "5378150e-8691-4901-90ad-0c2309fa1d88",
              "parentUUID": "701c1630-7557-4f5c-bf3f-5c3a913f96ce",
              "isHook": false,
              "skipped": false
            }
          ],
          "suites": [],
          "passes": [
            "5378150e-8691-4901-90ad-0c2309fa1d88"
          ],
          "failures": [],
          "pending": [],
          "skipped": [],
          "duration": 35564,
          "root": false,
          "rootEmpty": false,
          "_timeout": 0
        }
      ],
      "passes": [],
      "failures": [],
      "pending": [],
      "skipped": [],
      "duration": 0,
      "root": true,
      "rootEmpty": true,
      "_timeout": 0
    }
  ],
  "meta": {
    "mocha": {
      "version": "8.1.3"
    },
    "mochawesome": {
      "options": {
        "quiet": false,
        "reportFilename": "mochawesome",
        "saveHtml": true,
        "saveJson": true,
        "consoleReporter": "spec",
        "useInlineDiffs": false,
        "code": true
      },
      "version": "7.1.3"
    },
    "marge": {
      "options": {
        "reportDir": "output"
      },
      "version": "6.2.0"
    }
  }
}